# JRE version: 7.0_21-b11
# Java VM: Java HotSpot(TM) 64-Bit Server VM (23.21-b01 mixed mode linux-amd64 compressed oops)
Heap
 PSYoungGen      total 118016K, used 3481K [0x00000000f5560000, 0x00000000fd0f0000, 0x0000000100000000)
  eden space 111488K, 3% used [0x00000000f5560000,0x00000000f58c6720,0x00000000fc240000)
  from space 6528K, 0% used [0x00000000fc240000,0x00000000fc240000,0x00000000fc8a0000)
  to   space 7488K, 0% used [0x00000000fc9a0000,0x00000000fc9a0000,0x00000000fd0f0000)
 ParOldGen       total 122688K, used 89015K [0x00000000e0000000, 0x00000000e77d0000, 0x00000000f5560000)
  object space 122688K, 72% used [0x00000000e0000000,0x00000000e56edfd8,0x00000000e77d0000)
 PSPermGen       total 112512K, used 111668K [0x00000000d0000000, 0x00000000d6de0000, 0x00000000e0000000)
  object space 112512K, 99% used [0x00000000d0000000,0x00000000d6d0d360,0x00000000d6de0000)
GC Heap History (10 events):
Event: 13020.243 GC heap before
{Heap before GC invocations=426 (full 197):
 PSYoungGen      total 112768K, used 1200K [0x00000000f5560000, 0x00000000fcef0000, 0x0000000100000000)
  eden space 111552K, 0% used [0x00000000f5560000,0x00000000f5560000,0x00000000fc250000)
  from space 1216K, 98% used [0x00000000fc250000,0x00000000fc37c010,0x00000000fc380000)
  to   space 6464K, 0% used [0x00000000fc8a0000,0x00000000fc8a0000,0x00000000fcef0000)
 ParOldGen       total 122688K, used 82627K [0x00000000e0000000, 0x00000000e77d0000, 0x00000000f5560000)
  object space 122688K, 67% used [0x00000000e0000000,0x00000000e50b0d60,0x00000000e77d0000)
 PSPermGen       total 112768K, used 111613K [0x00000000d0000000, 0x00000000d6e20000, 0x00000000e0000000)
  object space 112768K, 98% used [0x00000000d0000000,0x00000000d6cff650,0x00000000d6e20000)
Event: 13020.486 GC heap after
Heap after GC invocations=426 (full 197):
 PSYoungGen      total 112768K, used 0K [0x00000000f5560000, 0x00000000fcef0000, 0x0000000100000000)
  eden space 111552K, 0% used [0x00000000f5560000,0x00000000f5560000,0x00000000fc250000)
  from space 1216K, 0% used [0x00000000fc250000,0x00000000fc250000,0x00000000fc380000)
  to   space 6464K, 0% used [0x00000000fc8a0000,0x00000000fc8a0000,0x00000000fcef0000)
 ParOldGen       total 122688K, used 83127K [0x00000000e0000000, 0x00000000e77d0000, 0x00000000f5560000)
  object space 122688K, 67% used [0x00000000e0000000,0x00000000e512dfa0,0x00000000e77d0000)
 PSPermGen       total 112704K, used 111613K [0x00000000d0000000, 0x00000000d6e10000, 0x00000000e0000000)
  object space 112704K, 99% used [0x00000000d0000000,0x00000000d6cff530,0x00000000d6e10000)
}
Event: 13080.231 GC heap before
{Heap before GC invocations=427 (full 197):
 PSYoungGen      total 112768K, used 40867K [0x00000000f5560000, 0x00000000fcef0000, 0x0000000100000000)
  eden space 111552K, 36% used [0x00000000f5560000,0x00000000f7d48c50,0x00000000fc250000)
  from space 1216K, 0% used [0x00000000fc250000,0x00000000fc250000,0x00000000fc380000)
  to   space 6464K, 0% used [0x00000000fc8a0000,0x00000000fc8a0000,0x00000000fcef0000)
 ParOldGen       total 122688K, used 83127K [0x00000000e0000000, 0x00000000e77d0000, 0x00000000f5560000)
  object space 122688K, 67% used [0x00000000e0000000,0x00000000e512dfa0,0x00000000e77d0000)
 PSPermGen       total 112704K, used 111623K [0x00000000d0000000, 0x00000000d6e10000, 0x00000000e0000000)
  object space 112704K, 99% used [0x00000000d0000000,0x00000000d6d01f48,0x00000000d6e10000)
Event: 13080.245 GC heap after
Heap after GC invocations=427 (full 197):
 PSYoungGen      total 117952K, used 3264K [0x00000000f5560000, 0x00000000fcf10000, 0x0000000100000000)
  eden space 111488K, 0% used [0x00000000f5560000,0x00000000f5560000,0x00000000fc240000)
  from space 6464K, 50% used [0x00000000fc8a0000,0x00000000fcbd0020,0x00000000fcef0000)
  to   space 6528K, 0% used [0x00000000fc240000,0x00000000fc240000,0x00000000fc8a0000)
 ParOldGen       total 122688K, used 83127K [0x00000000e0000000, 0x00000000e77d0000, 0x00000000f5560000)
  object space 122688K, 67% used [0x00000000e0000000,0x00000000e512dfa0,0x00000000e77d0000)
 PSPermGen       total 112704K, used 111623K [0x00000000d0000000, 0x00000000d6e10000, 0x00000000e0000000)
  object space 112704K, 99% used [0x00000000d0000000,0x00000000d6d01f48,0x00000000d6e10000)
}
Event: 13080.245 GC heap before
{Heap before GC invocations=428 (full 198):
 PSYoungGen      total 117952K, used 3264K [0x00000000f5560000, 0x00000000fcf10000, 0x0000000100000000)
  eden space 111488K, 0% used [0x00000000f5560000,0x00000000f5560000,0x00000000fc240000)
  from space 6464K, 50% used [0x00000000fc8a0000,0x00000000fcbd0020,0x00000000fcef0000)
  to   space 6528K, 0% used [0x00000000fc240000,0x00000000fc240000,0x00000000fc8a0000)
 ParOldGen       total 122688K, used 83127K [0x00000000e0000000, 0x00000000e77d0000, 0x00000000f5560000)
  object space 122688K, 67% used [0x00000000e0000000,0x00000000e512dfa0,0x00000000e77d0000)
 PSPermGen       total 112704K, used 111623K [0x00000000d0000000, 0x00000000d6e10000, 0x00000000e0000000)
  object space 112704K, 99% used [0x00000000d0000000,0x00000000d6d01f48,0x00000000d6e10000)
Event: 13080.449 GC heap after
Heap after GC invocations=428 (full 198):
 PSYoungGen      total 117952K, used 0K [0x00000000f5560000, 0x00000000fcf10000, 0x0000000100000000)
  eden space 111488K, 0% used [0x00000000f5560000,0x00000000f5560000,0x00000000fc240000)
  from space 6464K, 0% used [0x00000000fc8a0000,0x00000000fc8a0000,0x00000000fcef0000)
  to   space 6528K, 0% used [0x00000000fc240000,0x00000000fc240000,0x00000000fc8a0000)
 ParOldGen       total 122688K, used 85225K [0x00000000e0000000, 0x00000000e77d0000, 0x00000000f5560000)
  object space 122688K, 69% used [0x00000000e0000000,0x00000000e533a7e0,0x00000000e77d0000)
 PSPermGen       total 112576K, used 111623K [0x00000000d0000000, 0x00000000d6df0000, 0x00000000e0000000)
  object space 112576K, 99% used [0x00000000d0000000,0x00000000d6d01e08,0x00000000d6df0000)
}
Event: 13140.465 GC heap before
{Heap before GC invocations=429 (full 198):
 PSYoungGen      total 117952K, used 110108K [0x00000000f5560000, 0x00000000fcf10000, 0x0000000100000000)
  eden space 111488K, 98% used [0x00000000f5560000,0x00000000fc0e7370,0x00000000fc240000)
  from space 6464K, 0% used [0x00000000fc8a0000,0x00000000fc8a0000,0x00000000fcef0000)
  to   space 6528K, 0% used [0x00000000fc240000,0x00000000fc240000,0x00000000fc8a0000)
 ParOldGen       total 122688K, used 85225K [0x00000000e0000000, 0x00000000e77d0000, 0x00000000f5560000)
  object space 122688K, 69% used [0x00000000e0000000,0x00000000e533a7e0,0x00000000e77d0000)
 PSPermGen       total 112576K, used 111670K [0x00000000d0000000, 0x00000000d6df0000, 0x00000000e0000000)
  object space 112576K, 99% used [0x00000000d0000000,0x00000000d6d0db00,0x00000000d6df0000)
Event: 13140.474 GC heap after
Heap after GC invocations=429 (full 198):
 PSYoungGen      total 118016K, used 5773K [0x00000000f5560000, 0x00000000fd0f0000, 0x0000000100000000)
  eden space 111488K, 0% used [0x00000000f5560000,0x00000000f5560000,0x00000000fc240000)
  from space 6528K, 88% used [0x00000000fc240000,0x00000000fc7e34e8,0x00000000fc8a0000)
  to   space 7488K, 0% used [0x00000000fc9a0000,0x00000000fc9a0000,0x00000000fd0f0000)
 ParOldGen       total 122688K, used 85225K [0x00000000e0000000, 0x00000000e77d0000, 0x00000000f5560000)
  object space 122688K, 69% used [0x00000000e0000000,0x00000000e533a7e0,0x00000000e77d0000)
 PSPermGen       total 112576K, used 111670K [0x00000000d0000000, 0x00000000d6df0000, 0x00000000e0000000)
  object space 112576K, 99% used [0x00000000d0000000,0x00000000d6d0db00,0x00000000d6df0000)
}
Event: 13140.474 GC heap before
{Heap before GC invocations=430 (full 199):
 PSYoungGen      total 118016K, used 5773K [0x00000000f5560000, 0x00000000fd0f0000, 0x0000000100000000)
  eden space 111488K, 0% used [0x00000000f5560000,0x00000000f5560000,0x00000000fc240000)
  from space 6528K, 88% used [0x00000000fc240000,0x00000000fc7e34e8,0x00000000fc8a0000)
  to   space 7488K, 0% used [0x00000000fc9a0000,0x00000000fc9a0000,0x00000000fd0f0000)
 ParOldGen       total 122688K, used 85225K [0x00000000e0000000, 0x00000000e77d0000, 0x00000000f5560000)
  object space 122688K, 69% used [0x00000000e0000000,0x00000000e533a7e0,0x00000000e77d0000)
 PSPermGen       total 112576K, used 111670K [0x00000000d0000000, 0x00000000d6df0000, 0x00000000e0000000)
  object space 112576K, 99% used [0x00000000d0000000,0x00000000d6d0db00,0x00000000d6df0000)
Event: 13140.633 GC heap after
Heap after GC invocations=430 (full 199):
 PSYoungGen      total 118016K, used 0K [0x00000000f5560000, 0x00000000fd0f0000, 0x0000000100000000)
  eden space 111488K, 0% used [0x00000000f5560000,0x00000000f5560000,0x00000000fc240000)
  from space 6528K, 0% used [0x00000000fc240000,0x00000000fc240000,0x00000000fc8a0000)
  to   space 7488K, 0% used [0x00000000fc9a0000,0x00000000fc9a0000,0x00000000fd0f0000)
 ParOldGen       total 122688K, used 89015K [0x00000000e0000000, 0x00000000e77d0000, 0x00000000f5560000)
  object space 122688K, 72% used [0x00000000e0000000,0x00000000e56edfd8,0x00000000e77d0000)
 PSPermGen       total 112512K, used 111668K [0x00000000d0000000, 0x00000000d6de0000, 0x00000000e0000000)
  object space 112512K, 99% used [0x00000000d0000000,0x00000000d6d0d360,0x00000000d6de0000)
}

